
> if-usp-ciencia@0.1.0 prebuild
> npm run step-zero


> if-usp-ciencia@0.1.0 step-zero
> node scripts/generate-id.js

Γ£à [V3.6] sw.js gerado a partir do template com ID: 1772406470244
Γ£à [V3.6] BUILD_ID '1772406470244' injetado em .env.production.local.

> if-usp-ciencia@0.1.0 build
> next build

Γû▓ Next.js 16.1.6 (Turbopack)
- Environments: .env.production.local, .env.local

node.exe : ΓÜá The 
"middleware" file 
convention is 
deprecated. Please use 
"proxy" instead. Learn 
more: https://nextjs.or
g/docs/messages/middlew
are-to-proxy
No linha:1 caractere:1
+ & "C:\Program 
Files\nodejs/node.exe" 
"C:\Program 
Files\nodejs/node_mo 
...
+ ~~~~~~~~~~~~~~~~~~~~~
~~~~~~~~~~~~~~~~~~~~~~~
~~~~~~~~~~~~~~~~~~~~~~~
~~
    + CategoryInfo     
         : NotSpecifi  
  ed: (ΓÜá The "midd   
 le...leware-to-pro    
xy:String) [], Rem    
oteException
    + FullyQualifiedEr 
   rorId : NativeComm  
  andError
 
  Creating an optimized production build ...

> Build error occurred
Error: Turbopack build 
failed with 1 errors:
./src/app/arquivo/[id]/
page.tsx:13:1
Module not found: 
Can't resolve '@/app/ac
tions/reproductions'
[0m [90m 11 |[39m 
[36mimport[39m { [33
mReproductionSection[3
9m } [36mfrom[39m [3
2m'./ReproductionSectio
n'[39m[33m;[39m
 [90m 12 |[39m 
[36mimport[39m { [33
mImageCarouselClient[3
9m } [36mfrom[39m [3
2m'./ImageCarouselClien
t'[39m[33m;[39m
[31m[1m>[22m[39m[9
0m 13 |[39m 
[36mimport[39m { fetc
hReproductionsBySubmiss
ion } [36mfrom[39m [
32m'@/app/actions/repro
ductions'[39m[33m;[3
9m
 [90m    |[39m [31m
[1m^[22m[39m[31m[1m
^[22m[39m[31m[1m^[
22m[39m[31m[1m^[22m
[39m[31m[1m^[22m[3
9m[31m[1m^[22m[39m
[31m[1m^[22m[39m[31
m[1m^[22m[39m[31m[
1m^[22m[39m[31m[1m^
[22m[39m[31m[1m^[2
2m[39m[31m[1m^[22m
[39m[31m[1m^[22m[39
m[31m[1m^[22m[39m[
31m[1m^[22m[39m[31m
[1m^[22m[39m[31m[1
m^[22m[39m[31m[1m^
[22m[39m[31m[1m^[22
m[39m[31m[1m^[22m[
39m[31m[1m^[22m[39m
[31m[1m^[22m[39m[3
1m[1m^[22m[39m[31m
[1m^[22m[39m[31m[1m
^[22m[39m[31m[1m^[
22m[39m[31m[1m^[22m
[39m[31m[1m^[22m[3
9m[31m[1m^[22m[39m
[31m[1m^[22m[39m[31
m[1m^[22m[39m[31m[
1m^[22m[39m[31m[1m^
[22m[39m[31m[1m^[2
2m[39m[31m[1m^[22m
[39m[31m[1m^[22m[39
m[31m[1m^[22m[39m[
31m[1m^[22m[39m[31m
[1m^[22m[39m[31m[1
m^[22m[39m[31m[1m^
[22m[39m[31m[1m^[22
m[39m[31m[1m^[22m[
39m[31m[1m^[22m[39m
[31m[1m^[22m[39m[3
1m[1m^[22m[39m[31m
[1m^[22m[39m[31m[1m
^[22m[39m[31m[1m^[
22m[39m[31m[1m^[22m
[39m[31m[1m^[22m[3
9m[31m[1m^[22m[39m
[31m[1m^[22m[39m[31
m[1m^[22m[39m[31m[
1m^[22m[39m[31m[1m^
[22m[39m[31m[1m^[2
2m[39m[31m[1m^[22m
[39m[31m[1m^[22m[39
m[31m[1m^[22m[39m[
31m[1m^[22m[39m[31m
[1m^[22m[39m[31m[1
m^[22m[39m[31m[1m^
[22m[39m[31m[1m^[22
m[39m[31m[1m^[22m[
39m[31m[1m^[22m[39m
[31m[1m^[22m[39m[3
1m[1m^[22m[39m[31m
[1m^[22m[39m[31m[1m
^[22m[39m[31m[1m^[
22m[39m[31m[1m^[22m
[39m[31m[1m^[22m[3
9m[31m[1m^[22m[39m
[31m[1m^[22m[39m[31
m[1m^[22m[39m
 [90m 14 |[39m 
[36mimport[39m { getD
ownloadUrl[33m,[39m p
arseMediaUrl[33m,[39m
 formatYoutubeUrl } 
[36mfrom[39m [32m'@/
lib/media-utils'[39m[
33m;[39m
 [90m 15 |[39m 
[36mimport[39m [33mR
eactMarkdown[39m 
[36mfrom[39m [32m're
act-markdown'[39m[33m
;[39m
 [90m 16 |[39m 
[36mimport[39m 
remarkMath 
[36mfrom[39m [32m're
mark-math'[39m[33m;[
39m[0m

Import map: aliased to 
relative './src/app/act
ions/reproductions' 
inside of [project]/


https://nextjs.org/docs
/messages/module-not-fo
und


    at <unknown> (./src
/app/arquivo/[id]/page.
tsx:13:1)
    at <unknown> (https
://nextjs.org/docs/mess
ages/module-not-found)
